[2025-09-30 12:33:08] [INFO] Bulk Schedule Generator Started - Operation ID: bulk_gen_68db80acb57fc
[2025-09-30 12:33:08] [INFO] Target Year: 2031
[2025-09-30 12:33:08] [INFO] Test Mode: NO
[2025-09-30 12:33:08] [INFO] Single Unit Mode: 7
[2025-09-30 12:33:08] [INFO] Found 1 active units with fixed scheduling logic
[2025-09-30 12:33:08] [INFO] Processing Unit: Unit VII (ID: 7) | {"unit_id":"7","unit_name":"Unit VII"}
[2025-09-30 12:33:08] [INFO] Equipment data validation passed for Unit 7 (fixed scheduling) | {"unit_id":"7","unit_name":"Unit VII"}
[2025-09-30 12:33:08] [INFO] Calling USP_FIXED_CREATESCHEDULES(7, 2031) | {"unit_id":"7","unit_name":"Unit VII"}
[2025-09-30 12:33:08] [INFO] Stored procedure result: error | {"unit_id":"7","unit_name":"Unit VII"}
[2025-09-30 12:33:08] [ERROR] Schedule generation reported success but no schedule ID found for Unit 7 | {"unit_id":"7","unit_name":"Unit VII"}
[2025-09-30 12:33:08] [INFO] === BULK GENERATION SUMMARY ===
[2025-09-30 12:33:08] [INFO] Operation ID: bulk_gen_68db80acb57fc
[2025-09-30 12:33:08] [INFO] Target Year: 2031
[2025-09-30 12:33:08] [INFO] Total Units Processed: 1
[2025-09-30 12:33:08] [INFO] Successful: 0
[2025-09-30 12:33:08] [INFO] Warnings: 0
[2025-09-30 12:33:08] [INFO] Errors: 1
[2025-09-30 12:33:08] [INFO] Skipped: 0
[2025-09-30 12:33:08] [INFO] Success Rate: 0%
[2025-09-30 12:33:08] [INFO] Processing completed at: 2025-09-30 12:33:08
